<?xml version="1.0" encoding="UTF-8"?>
<testsuite xmlns:xsi="http://www.w3.org/2001/XMLSchema-instance" xsi:noNamespaceSchemaLocation="https://maven.apache.org/surefire/maven-surefire-plugin/xsd/surefire-test-report.xsd" name="test.CalculatorTest" time="0.18" tests="6" errors="0" skipped="3" failures="0">
  <properties>
[...]
</properties>
  <testcase name="testAborted" classname="test.CalculatorTest" time="0">
    <skipped message="Test dibatalkan karena bukan di DEV" type="org.opentest4j.TestAbortedException">org.opentest4j.TestAbortedException: Test dibatalkan karena bukan di DEV
	at test.CalculatorTest.testAborted(CalculatorTest.java:69)
</skipped>
    <system-out><![CDATA[Before all
Before each
After each
]]></system-out>
  </testcase>
  <testcase name="testDivideFailed" classname="test.CalculatorTest" time="0.017"/>
  <testcase name="testAddSuccess" classname="test.CalculatorTest" time="0.011"/>
  <testcase name="testComingSoon" classname="test.CalculatorTest" time="0">
    <skipped message="public void test.CalculatorTest.testComingSoon() is @Disabled"/>
  </testcase>
  <testcase name="testAssumptions" classname="test.CalculatorTest" time="0">
    <skipped message="Assumption failed: assumption is not true" type="org.opentest4j.TestAbortedException">org.opentest4j.TestAbortedException: Assumption failed: assumption is not true
	at test.CalculatorTest.testAssumptions(CalculatorTest.java:77)
</skipped>
    <system-out><![CDATA[Before each
After each
]]></system-out>
  </testcase>
  <testcase name="testDivideSuccess" classname="test.CalculatorTest" time="0.001"/>
</testsuite>